{
  "RSpec": {
    "coverage": {
      "/Users/pippo/turing/2module/projects/adopt_dont_shop_2001/config/environment.rb": {
        "lines": [
          null,
          1,
          null,
          null,
          1
        ]
      },
      "/Users/pippo/turing/2module/projects/adopt_dont_shop_2001/config/application.rb": {
        "lines": [
          1,
          null,
          1,
          null,
          1,
          1,
          1,
          1,
          1,
          1,
          1,
          1,
          null,
          null,
          null,
          null,
          1,
          null,
          1,
          1,
          null,
          1,
          null,
          null,
          null,
          null,
          null,
          null,
          1,
          null,
          null
        ]
      },
      "/Users/pippo/turing/2module/projects/adopt_dont_shop_2001/config/boot.rb": {
        "lines": [
          1,
          null,
          1
        ]
      },
      "/Users/pippo/turing/2module/projects/adopt_dont_shop_2001/config/environments/test.rb": {
        "lines": [
          1,
          null,
          null,
          null,
          null,
          null,
          null,
          1,
          null,
          null,
          null,
          null,
          1,
          null,
          null,
          1,
          1,
          null,
          null,
          null,
          null,
          1,
          1,
          null,
          null,
          1,
          null,
          null,
          1,
          1,
          null,
          null,
          null,
          null,
          1,
          null,
          null,
          1,
          null,
          null,
          null,
          null
        ]
      },
      "/Users/pippo/turing/2module/projects/adopt_dont_shop_2001/config/initializers/application_controller_renderer.rb": {
        "lines": [
          null,
          null,
          null,
          null,
          null,
          null,
          null,
          null
        ]
      },
      "/Users/pippo/turing/2module/projects/adopt_dont_shop_2001/config/initializers/assets.rb": {
        "lines": [
          null,
          null,
          null,
          1,
          null,
          null,
          null,
          null,
          1,
          null,
          null,
          null,
          null,
          null
        ]
      },
      "/Users/pippo/turing/2module/projects/adopt_dont_shop_2001/config/initializers/backtrace_silencers.rb": {
        "lines": [
          null,
          null,
          null,
          null,
          null,
          null,
          null
        ]
      },
      "/Users/pippo/turing/2module/projects/adopt_dont_shop_2001/config/initializers/cookies_serializer.rb": {
        "lines": [
          null,
          null,
          null,
          null,
          1
        ]
      },
      "/Users/pippo/turing/2module/projects/adopt_dont_shop_2001/config/initializers/filter_parameter_logging.rb": {
        "lines": [
          null,
          null,
          null,
          1
        ]
      },
      "/Users/pippo/turing/2module/projects/adopt_dont_shop_2001/config/initializers/inflections.rb": {
        "lines": [
          null,
          null,
          null,
          null,
          null,
          null,
          null,
          null,
          null,
          null,
          null,
          null,
          null,
          null,
          null,
          null
        ]
      },
      "/Users/pippo/turing/2module/projects/adopt_dont_shop_2001/config/initializers/mime_types.rb": {
        "lines": [
          null,
          null,
          null,
          null
        ]
      },
      "/Users/pippo/turing/2module/projects/adopt_dont_shop_2001/config/initializers/wrap_parameters.rb": {
        "lines": [
          null,
          null,
          null,
          null,
          null,
          null,
          1,
          2,
          null,
          null,
          null,
          null,
          null,
          null
        ]
      },
      "/Users/pippo/turing/2module/projects/adopt_dont_shop_2001/config/routes.rb": {
        "lines": [
          1,
          null,
          1,
          1,
          1,
          1,
          1,
          1,
          1,
          1,
          null
        ]
      },
      "/Users/pippo/turing/2module/projects/adopt_dont_shop_2001/app/helpers/application_helper.rb": {
        "lines": [
          1,
          null
        ]
      },
      "/Users/pippo/turing/2module/projects/adopt_dont_shop_2001/spec/features/shelters/user_can_delete_shelter_spec.rb": {
        "lines": [
          1,
          null,
          1,
          1,
          1,
          null,
          null,
          null,
          null,
          1,
          null,
          null,
          null,
          null,
          null,
          1,
          null,
          1,
          null,
          null,
          1,
          1,
          null,
          null,
          null,
          null,
          1,
          null,
          null,
          null,
          null,
          null,
          1,
          null,
          1,
          1,
          null,
          1,
          null,
          1,
          1,
          1,
          1,
          null,
          null
        ]
      },
      "/Users/pippo/turing/2module/projects/adopt_dont_shop_2001/spec/features/shelters/user_can_edit_shelter_spec.rb": {
        "lines": [
          1,
          null,
          1,
          1,
          1,
          null,
          null,
          null,
          null,
          null,
          1,
          null,
          1,
          null,
          null,
          1,
          1,
          null,
          null,
          null,
          null,
          null,
          1,
          null,
          1,
          1,
          1,
          1,
          1,
          null,
          null,
          1,
          1,
          null,
          null,
          null,
          null,
          1,
          null,
          1,
          1,
          1,
          1,
          1,
          null,
          1,
          null,
          1,
          1,
          null,
          null
        ]
      },
      "/Users/pippo/turing/2module/projects/adopt_dont_shop_2001/spec/features/shelters/user_can_see_all_shelters_spec.rb": {
        "lines": [
          1,
          null,
          1,
          1,
          1,
          null,
          null,
          null,
          null,
          1,
          null,
          null,
          null,
          null,
          1,
          null,
          null,
          null,
          null,
          1,
          null,
          1,
          1,
          1,
          null,
          null,
          null,
          1,
          1,
          1,
          null,
          null,
          null,
          null,
          1,
          null,
          null,
          null,
          null,
          null,
          1,
          null,
          1,
          1,
          1,
          1,
          1,
          null,
          1,
          null,
          1,
          1,
          1,
          1,
          1,
          null,
          null,
          null,
          null
        ]
      },
      "/Users/pippo/turing/2module/projects/adopt_dont_shop_2001/spec/models/shelter_spec.rb": {
        "lines": [
          1,
          null,
          1,
          1,
          2,
          2,
          2,
          2,
          2,
          null,
          null,
          null
        ]
      },
      "/Users/pippo/turing/2module/projects/adopt_dont_shop_2001/app/models/shelter.rb": {
        "lines": [
          1,
          1,
          null
        ]
      },
      "/Users/pippo/turing/2module/projects/adopt_dont_shop_2001/app/models/application_record.rb": {
        "lines": [
          1,
          1,
          null
        ]
      },
      "/Users/pippo/turing/2module/projects/adopt_dont_shop_2001/app/controllers/shelters_controller.rb": {
        "lines": [
          1,
          1,
          7,
          null,
          null,
          1,
          1,
          null,
          null,
          null,
          null,
          null,
          null,
          1,
          1,
          null,
          null,
          null,
          1,
          4,
          null,
          null,
          1,
          2,
          null,
          null,
          1,
          1,
          1,
          null,
          null,
          null,
          null,
          null,
          null,
          1,
          1,
          null,
          null,
          1,
          1,
          1,
          null,
          null,
          null
        ]
      },
      "/Users/pippo/turing/2module/projects/adopt_dont_shop_2001/app/controllers/application_controller.rb": {
        "lines": [
          1,
          1,
          null
        ]
      }
    },
    "timestamp": 1584581915
  }
}
